2018-12-18 17:22:42 [scrapy.middleware] INFO: Enabled extensions:
['scrapy.extensions.feedexport.FeedExporter',
 'scrapy.extensions.memusage.MemoryUsage',
 'scrapy.extensions.logstats.LogStats',
 'scrapy.extensions.telnet.TelnetConsole',
 'scrapy.extensions.corestats.CoreStats']
2018-12-18 17:22:42 [scrapy.middleware] INFO: Enabled downloader middlewares:
['scrapy.downloadermiddlewares.robotstxt.RobotsTxtMiddleware',
 'scrapy.downloadermiddlewares.httpauth.HttpAuthMiddleware',
 'scrapy.downloadermiddlewares.downloadtimeout.DownloadTimeoutMiddleware',
 'scrapy.downloadermiddlewares.defaultheaders.DefaultHeadersMiddleware',
 'scrapy.downloadermiddlewares.useragent.UserAgentMiddleware',
 'scrapy.downloadermiddlewares.retry.RetryMiddleware',
 'scrapy.downloadermiddlewares.redirect.MetaRefreshMiddleware',
 'scrapy.downloadermiddlewares.httpcompression.HttpCompressionMiddleware',
 'scrapy.downloadermiddlewares.redirect.RedirectMiddleware',
 'scrapy.downloadermiddlewares.cookies.CookiesMiddleware',
 'scrapy.downloadermiddlewares.httpproxy.HttpProxyMiddleware',
 'scrapy.downloadermiddlewares.stats.DownloaderStats']
2018-12-18 17:22:42 [scrapy.middleware] INFO: Enabled spider middlewares:
['scrapy.spidermiddlewares.httperror.HttpErrorMiddleware',
 'scrapy.spidermiddlewares.offsite.OffsiteMiddleware',
 'scrapy.spidermiddlewares.referer.RefererMiddleware',
 'scrapy.spidermiddlewares.urllength.UrlLengthMiddleware',
 'scrapy.spidermiddlewares.depth.DepthMiddleware']
2018-12-18 17:22:42 [scrapy.middleware] INFO: Enabled item pipelines:
[]
2018-12-18 17:22:42 [scrapy.core.engine] INFO: Spider opened
2018-12-18 17:22:42 [scrapy.extensions.logstats] INFO: Crawled 0 pages (at 0 pages/min), scraped 0 items (at 0 items/min)
2018-12-18 17:22:42 [scrapy.extensions.telnet] DEBUG: Telnet console listening on 127.0.0.1:6039
2018-12-18 17:22:42 [scrapy.downloadermiddlewares.redirect] DEBUG: Redirecting (301) to <GET https://www.reddit.com/robots.txt> from <GET http://www.reddit.com/robots.txt>
2018-12-18 17:22:42 [scrapy.core.engine] DEBUG: Crawled (200) <GET https://www.reddit.com/robots.txt> (referer: None)
2018-12-18 17:22:42 [scrapy.downloadermiddlewares.redirect] DEBUG: Redirecting (301) to <GET https://www.reddit.com/r/pics/> from <GET http://www.reddit.com/r/pics/>
2018-12-18 17:22:44 [scrapy.core.engine] DEBUG: Crawled (200) <GET https://www.reddit.com/r/pics/> (referer: None)
2018-12-18 17:22:44 [scrapy.core.scraper] DEBUG: Scraped from <200 https://www.reddit.com/r/pics/>
{'author': u'u/n_reineke',
 'comments': u'194 comments',
 'link': u'https://www.reddit.com/r/pics/comments/9mg2y8/hello_it_appears_that_this_post_is_a_progress/',
 'title': u'Hello, It appears that this post is a progress picture...'}
2018-12-18 17:22:44 [scrapy.core.scraper] DEBUG: Scraped from <200 https://www.reddit.com/r/pics/>
{'author': u'u/siouxsie_siouxv2',
 'comments': u'32 comments',
 'link': u'https://www.reddit.com/r/pics/comments/a4ithw/we_passed_20_million_subscribers/',
 'title': u'We passed 20 million subscribers!'}
2018-12-18 17:22:44 [scrapy.core.scraper] DEBUG: Scraped from <200 https://www.reddit.com/r/pics/>
{'author': u'u/Sumit316',
 'comments': u'1.7k comments',
 'link': u'https://www.reddit.com/r/pics/comments/a7as8i/mcdonalds_worker_with_down_syndrome_retires_after/',
 'title': u"McDonald's worker with Down Syndrome retires after 32 years"}
2018-12-18 17:22:44 [scrapy.core.scraper] DEBUG: Scraped from <200 https://www.reddit.com/r/pics/>
{'author': u'u/b2utynthebeast',
 'comments': u'289 comments',
 'link': u'https://www.reddit.com/r/pics/comments/a78f0g/taken_at_royal_university_of_phnom_penh/',
 'title': u'Taken at Royal University of Phnom Penh'}
2018-12-18 17:22:44 [scrapy.core.scraper] ERROR: Spider error processing <GET https://www.reddit.com/r/pics/> (referer: None)
Traceback (most recent call last):
  File "/usr/local/lib/python2.7/dist-packages/scrapy/utils/defer.py", line 102, in iter_errback
    yield next(it)
  File "/usr/local/lib/python2.7/dist-packages/scrapy/spidermiddlewares/offsite.py", line 30, in process_spider_output
    for x in result:
  File "/usr/local/lib/python2.7/dist-packages/scrapy/spidermiddlewares/referer.py", line 339, in <genexpr>
    return (_set_referer(r) for r in result or ())
  File "/usr/local/lib/python2.7/dist-packages/scrapy/spidermiddlewares/urllength.py", line 37, in <genexpr>
    return (r for r in result or () if _filter(r))
  File "/usr/local/lib/python2.7/dist-packages/scrapy/spidermiddlewares/depth.py", line 58, in <genexpr>
    return (r for r in result or () if _filter(r))
  File "/home/databiz206/Marwen/formation/formation/reddit/reddit/spiders/redditspider.py", line 32, in parse
    item['author'] = pic.css('div.xvda30-0 > a._2tbHP6ZydRpjI44J3syuqC::text').extract_first().strip()
AttributeError: 'NoneType' object has no attribute 'strip'
2018-12-18 17:22:44 [scrapy.core.engine] INFO: Closing spider (finished)
2018-12-18 17:22:44 [scrapy.extensions.feedexport] INFO: Stored csv feed (4 items) in: ../data_reddit/csv/redditspider2018-12-18T16-22-42.csv
2018-12-18 17:22:44 [scrapy.statscollectors] INFO: Dumping Scrapy stats:
{'downloader/request_bytes': 1093,
 'downloader/request_count': 4,
 'downloader/request_method_count/GET': 4,
 'downloader/response_bytes': 107481,
 'downloader/response_count': 4,
 'downloader/response_status_count/200': 2,
 'downloader/response_status_count/301': 2,
 'finish_reason': 'finished',
 'finish_time': datetime.datetime(2018, 12, 18, 16, 22, 44, 496925),
 'item_scraped_count': 4,
 'log_count/DEBUG': 9,
 'log_count/ERROR': 1,
 'log_count/INFO': 8,
 'memusage/max': 51888128,
 'memusage/startup': 51888128,
 'response_received_count': 2,
 'scheduler/dequeued': 2,
 'scheduler/dequeued/memory': 2,
 'scheduler/enqueued': 2,
 'scheduler/enqueued/memory': 2,
 'spider_exceptions/AttributeError': 1,
 'start_time': datetime.datetime(2018, 12, 18, 16, 22, 42, 422186)}
2018-12-18 17:22:44 [scrapy.core.engine] INFO: Spider closed (finished)
